TN:
SF:src/Applications/security/PasswordHash.js
FN:2,(anonymous_0)
FNF:1
FNH:1
FNDA:1,(anonymous_0)
DA:3,1
DA:7,4
LF:2
LH:2
BRF:0
BRH:0
end_of_record
TN:
SF:src/Applications/use_case/AddUserUseCase.js
FN:4,(anonymous_0)
FN:9,(anonymous_1)
FNF:2
FNH:2
FNDA:2,(anonymous_0)
FNDA:7,(anonymous_1)
DA:1,2
DA:5,2
DA:6,2
DA:10,7
DA:11,3
DA:12,2
DA:13,2
DA:17,2
LF:8
LH:8
BRF:0
BRH:0
end_of_record
TN:
SF:src/Commons/exceptions/AuthenticationError.js
FN:4,(anonymous_0)
FNF:1
FNH:1
FNDA:1,(anonymous_0)
DA:1,1
DA:5,1
DA:6,1
DA:10,1
LF:4
LH:4
BRF:0
BRH:0
end_of_record
TN:
SF:src/Commons/exceptions/ClientError.js
FN:2,(anonymous_0)
FNF:1
FNH:1
FNDA:18,(anonymous_0)
DA:3,18
DA:5,18
DA:6,1
DA:9,17
DA:10,17
DA:14,7
LF:6
LH:6
BRDA:2,0,0,16
BRDA:5,1,0,1
BRDA:5,1,1,17
BRF:3
BRH:3
end_of_record
TN:
SF:src/Commons/exceptions/DomainErrorTranslator.js
FN:4,(anonymous_0)
FNF:1
FNH:1
FNDA:11,(anonymous_0)
DA:1,2
DA:3,2
DA:5,11
DA:9,2
DA:16,2
LF:5
LH:5
BRDA:5,0,0,11
BRDA:5,0,1,3
BRF:2
BRH:2
end_of_record
TN:
SF:src/Commons/exceptions/InvariantError.js
FN:4,(anonymous_0)
FNF:1
FNH:1
FNDA:15,(anonymous_0)
DA:1,4
DA:5,15
DA:6,15
DA:10,4
LF:4
LH:4
BRF:0
BRH:0
end_of_record
TN:
SF:src/Commons/exceptions/NotFoundError.js
FN:4,(anonymous_0)
FNF:1
FNH:1
FNDA:1,(anonymous_0)
DA:1,1
DA:5,1
DA:6,1
DA:10,1
LF:4
LH:4
BRF:0
BRH:0
end_of_record
TN:
SF:src/Domains/users/UserRepository.js
FN:2,(anonymous_0)
FN:6,(anonymous_1)
FNF:2
FNH:2
FNDA:1,(anonymous_0)
FNDA:1,(anonymous_1)
DA:3,1
DA:7,1
DA:11,4
LF:3
LH:3
BRF:0
BRH:0
end_of_record
TN:
SF:src/Domains/users/entities/RegisterUser.js
FN:2,(anonymous_0)
FN:11,(anonymous_1)
FNF:2
FNH:2
FNDA:15,(anonymous_0)
FNDA:15,(anonymous_1)
DA:3,15
DA:5,7
DA:6,7
DA:7,7
DA:8,7
DA:12,15
DA:13,2
DA:16,13
DA:17,2
DA:20,11
DA:21,2
DA:24,9
DA:25,2
DA:30,4
LF:14
LH:14
BRDA:12,0,0,2
BRDA:12,0,1,13
BRDA:12,1,0,15
BRDA:12,1,1,14
BRDA:12,1,2,14
BRDA:16,2,0,2
BRDA:16,2,1,11
BRDA:16,3,0,13
BRDA:16,3,1,12
BRDA:16,3,2,12
BRDA:20,4,0,2
BRDA:20,4,1,9
BRDA:24,5,0,2
BRDA:24,5,1,7
BRF:14
BRH:14
end_of_record
TN:
SF:src/Domains/users/entities/RegisteredUser.js
FN:2,(anonymous_0)
FN:12,(anonymous_1)
FNF:2
FNH:2
FNDA:8,(anonymous_0)
FNDA:8,(anonymous_1)
DA:3,8
DA:5,6
DA:7,6
DA:8,6
DA:9,6
DA:13,8
DA:14,1
DA:17,7
DA:18,1
DA:23,4
LF:10
LH:10
BRDA:13,0,0,1
BRDA:13,0,1,7
BRDA:13,1,0,8
BRDA:13,1,1,7
BRDA:13,1,2,7
BRDA:17,2,0,1
BRDA:17,2,1,6
BRDA:17,3,0,7
BRDA:17,3,1,6
BRDA:17,3,2,6
BRF:10
BRH:10
end_of_record
TN:
SF:src/Infrastructures/database/postgres/pool.js
FNF:0
FNH:0
DA:3,2
DA:5,2
DA:13,2
DA:15,2
LF:4
LH:4
BRDA:13,0,0,2
BRDA:13,0,1,0
BRF:2
BRH:1
end_of_record
TN:
SF:src/Infrastructures/http/CreateServer.js
FN:4,(anonymous_0)
FNF:1
FNH:1
FNDA:7,(anonymous_0)
DA:1,1
DA:2,1
DA:4,1
DA:5,7
DA:10,7
DA:17,7
DA:20,1
LF:7
LH:7
BRF:0
BRH:0
end_of_record
TN:
SF:src/Infrastructures/http/api/users/handler.js
FN:6,(anonymous_0)
FN:12,(anonymous_1)
FNF:2
FNH:2
FNDA:7,(anonymous_0)
FNDA:7,(anonymous_1)
DA:1,1
DA:2,1
DA:3,1
DA:7,7
DA:9,7
DA:13,7
DA:14,7
DA:15,6
DA:17,1
DA:24,1
DA:25,1
DA:27,6
DA:29,6
DA:30,5
DA:35,5
DA:36,5
DA:39,1
DA:43,1
DA:44,1
DA:49,1
LF:20
LH:20
BRDA:29,0,0,5
BRDA:29,0,1,1
BRF:2
BRH:2
end_of_record
TN:
SF:src/Infrastructures/http/api/users/index.js
FN:6,(anonymous_0)
FNF:1
FNH:1
FNDA:7,(anonymous_0)
DA:1,1
DA:2,1
DA:4,1
DA:7,7
DA:8,7
LF:5
LH:5
BRF:0
BRH:0
end_of_record
TN:
SF:src/Infrastructures/http/api/users/routes.js
FN:1,(anonymous_0)
FNF:1
FNH:1
FNDA:7,(anonymous_0)
DA:1,7
DA:9,1
LF:2
LH:2
BRF:0
BRH:0
end_of_record
TN:
SF:src/Infrastructures/repository/UserRepositoryPostgres.js
FN:6,(anonymous_0)
FN:12,(anonymous_1)
FN:24,(anonymous_2)
FNF:3
FNH:3
FNDA:5,(anonymous_0)
FNDA:4,(anonymous_1)
FNDA:3,(anonymous_2)
DA:1,2
DA:2,2
DA:3,2
DA:7,5
DA:8,5
DA:9,5
DA:13,4
DA:18,4
DA:19,4
DA:20,2
DA:25,3
DA:26,3
DA:28,3
DA:33,3
DA:35,3
DA:39,2
LF:16
LH:16
BRDA:19,0,0,2
BRDA:19,0,1,2
BRF:2
BRH:2
end_of_record
TN:
SF:src/Infrastructures/security/BcryptPasswordHash.js
FN:4,(anonymous_0)
FN:10,(anonymous_1)
FNF:2
FNH:2
FNDA:2,(anonymous_0)
FNDA:2,(anonymous_1)
DA:1,2
DA:5,2
DA:6,2
DA:7,2
DA:11,2
DA:15,2
LF:6
LH:6
BRDA:4,0,0,2
BRF:1
BRH:1
end_of_record
TN:
SF:tests/UsersTableTestHelper.js
FN:5,(anonymous_0)
FN:19,(anonymous_1)
FN:29,(anonymous_2)
FNF:3
FNH:3
FNDA:2,(anonymous_0)
FNDA:1,(anonymous_1)
FNDA:11,(anonymous_2)
DA:2,2
DA:4,2
DA:11,2
DA:16,2
DA:20,1
DA:25,1
DA:26,1
DA:30,11
DA:34,2
LF:9
LH:9
BRDA:6,0,0,2
BRDA:7,1,0,0
BRDA:8,2,0,2
BRDA:9,3,0,2
BRF:4
BRH:3
end_of_record
